2020-07-12T18:21:24+00:00 CRITICAL require(): Failed opening required 'E:\OSPanel\domains\icafe.wp/wp-content/themes/dll-icafe/classes/class-dllicafe-svg-icons.php' (include_path='.;e:/ospanel/modules/php/PHP-7.2-x64;e:/ospanel/modules/php/PHP-7.2-x64/PEAR/pear') в E:\OSPanel\domains\icafe.wp\wp-content\themes\dll-icafe\functions.php на строке 154

2020-07-12T18:23:02+00:00 CRITICAL Uncaught Error: Class 'dllicafe_Script_Loader' not found in E:\OSPanel\domains\icafe.wp\wp-content\themes\dll-icafe\functions.php:140
Stack trace:
#0 E:\OSPanel\domains\icafe.wp\wp-includes\class-wp-hook.php(287): dllicafe_theme_support('')
#1 E:\OSPanel\domains\icafe.wp\wp-includes\class-wp-hook.php(311): WP_Hook->apply_filters(NULL, Array)
#2 E:\OSPanel\domains\icafe.wp\wp-includes\plugin.php(478): WP_Hook->do_action(Array)
#3 E:\OSPanel\domains\icafe.wp\wp-settings.php(518): do_action('after_setup_the...')
#4 E:\OSPanel\domains\icafe.wp\wp-config.php(89): require_once('E:\\OSPanel\\doma...')
#5 E:\OSPanel\domains\icafe.wp\wp-load.php(37): require_once('E:\\OSPanel\\doma...')
#6 E:\OSPanel\domains\icafe.wp\wp-admin\admin.php(34): require_once('E:\\OSPanel\\doma...')
#7 E:\OSPanel\domains\icafe.wp\wp-admin\themes.php(10): require_once('E:\\OSPanel\\doma...')
#8 {main}
  thrown в E:\OSPanel\domains\icafe.wp\wp-content\themes\dll-icafe\functions.php на строке 140

2020-07-12T18:25:27+00:00 CRITICAL Uncaught Error: Call to undefined function dllicafe_get_customizer_css() in E:\OSPanel\domains\icafe.wp\wp-content\themes\dll-icafe\functions.php:189
Stack trace:
#0 E:\OSPanel\domains\icafe.wp\wp-includes\class-wp-hook.php(287): dllicafe_register_styles('')
#1 E:\OSPanel\domains\icafe.wp\wp-includes\class-wp-hook.php(311): WP_Hook->apply_filters(NULL, Array)
#2 E:\OSPanel\domains\icafe.wp\wp-includes\plugin.php(478): WP_Hook->do_action(Array)
#3 E:\OSPanel\domains\icafe.wp\wp-includes\script-loader.php(2294): do_action('wp_enqueue_scri...')
#4 E:\OSPanel\domains\icafe.wp\wp-includes\class-wp-hook.php(287): wp_enqueue_scripts('')
#5 E:\OSPanel\domains\icafe.wp\wp-includes\class-wp-hook.php(311): WP_Hook->apply_filters(NULL, Array)
#6 E:\OSPanel\domains\icafe.wp\wp-includes\plugin.php(478): WP_Hook->do_action(Array)
#7 E:\OSPanel\domains\icafe.wp\wp-includes\general-template.php(2884): do_action('wp_head')
#8 E:\OSPanel\domains\icafe.wp\wp-content\themes\dll-icafe\header.php(23): wp_head()
#9 E:\OSPanel\domain в E:\OSPanel\domains\icafe.wp\wp-content\themes\dll-icafe\functions.php на строке 189

2020-07-12T19:44:54+00:00 CRITICAL Uncaught Error: Call to undefined function _S_DIR_ASSETS() in E:\OSPanel\domains\icafe.wp\wp-content\themes\dll-icafe-theme\functions.php:152
Stack trace:
#0 E:\OSPanel\domains\icafe.wp\wp-includes\class-wp-hook.php(287): dll_icafe_theme_scripts('')
#1 E:\OSPanel\domains\icafe.wp\wp-includes\class-wp-hook.php(311): WP_Hook->apply_filters(NULL, Array)
#2 E:\OSPanel\domains\icafe.wp\wp-includes\plugin.php(478): WP_Hook->do_action(Array)
#3 E:\OSPanel\domains\icafe.wp\wp-includes\script-loader.php(2294): do_action('wp_enqueue_scri...')
#4 E:\OSPanel\domains\icafe.wp\wp-includes\class-wp-hook.php(287): wp_enqueue_scripts('')
#5 E:\OSPanel\domains\icafe.wp\wp-includes\class-wp-hook.php(311): WP_Hook->apply_filters(NULL, Array)
#6 E:\OSPanel\domains\icafe.wp\wp-includes\plugin.php(478): WP_Hook->do_action(Array)
#7 E:\OSPanel\domains\icafe.wp\wp-includes\general-template.php(2884): do_action('wp_head')
#8 E:\OSPanel\domains\icafe.wp\wp-content\themes\dll-icafe-theme\header.php(20): wp_head()
#9 E:\OSPanel\domains\i в E:\OSPanel\domains\icafe.wp\wp-content\themes\dll-icafe-theme\functions.php на строке 152

